2026-04-28 06:28:32,INFO,Starting thread pools
2026-04-28 06:28:32,DEBUG,DetectionThreadPool starting
2026-04-28 06:28:32,DEBUG,DetectionThread #1 starting
2026-04-28 06:28:32,DEBUG,DetectionThread #2 starting
2026-04-28 06:28:32,DEBUG,DetectionThread #3 starting
2026-04-28 06:28:32,DEBUG,DetectionThread #4 starting
2026-04-28 06:28:32,DEBUG,DetectionThread #5 starting
2026-04-28 06:28:32,DEBUG,DetectionThread #6 starting
2026-04-28 06:28:32,DEBUG,DetectionThread #7 starting
2026-04-28 06:28:32,DEBUG,DetectionThread #8 starting
2026-04-28 06:28:32,DEBUG,InspectionThreadPool starting
2026-04-28 06:28:32,DEBUG,InspectionThread #1 starting
2026-04-28 06:28:32,DEBUG,InspectionThread #2 starting
2026-04-28 06:28:32,DEBUG,InspectionThread #3 starting
2026-04-28 06:28:32,DEBUG,InspectionThread #4 starting
2026-04-28 06:28:32,DEBUG,DownloadThreadPool starting
2026-04-28 06:28:32,DEBUG,DownloadThread #1 starting
2026-04-28 06:28:32,DEBUG,DownloadThread #2 starting
2026-04-28 06:28:32,DEBUG,DownloadThread #3 starting
2026-04-28 06:28:32,DEBUG,DownloadThread #4 starting
2026-04-28 06:28:32,DEBUG,DisconnectionThreadPool starting
2026-04-28 06:28:32,DEBUG,DisconnectionThread #1 starting
2026-04-28 06:28:32,DEBUG,DisconnectionThread #2 starting
2026-04-28 06:28:32,DEBUG,DisconnectionThread #3 starting
2026-04-28 06:28:32,DEBUG,DisconnectionThread #4 starting
2026-04-28 06:28:32,DEBUG,DisconnectionThread #5 starting
2026-04-28 06:28:32,DEBUG,DisconnectionThread #6 starting
2026-04-28 06:28:32,DEBUG,DisconnectionThread #7 starting
2026-04-28 06:28:32,DEBUG,DisconnectionThread #8 starting
2026-04-28 06:28:32,INFO,Thread pools started
2026-04-28 06:30:52,DEBUG,DetectionThreadPool has exceeded the interval time
2026-04-28 06:33:13,DEBUG,DetectionThreadPool has exceeded the interval time
2026-04-28 06:35:33,DEBUG,DetectionThreadPool has exceeded the interval time
2026-04-28 06:37:08,DEBUG,motion-664 detected at 192.168.0.120
2026-04-28 06:37:08,DEBUG,motion-663 detected at 192.168.0.168
2026-04-28 06:37:08,DEBUG,motion-667 detected at 192.168.0.184
2026-04-28 06:37:08,DEBUG,motion-668 detected at 192.168.0.148
2026-04-28 06:37:08,INFO,motion-664 is connected
2026-04-28 06:37:08,INFO,motion-663 is connected
2026-04-28 06:37:08,INFO,motion-667 is connected
2026-04-28 06:37:08,WARNING,motion-663 firmware is not approved (3232 Release)
2026-04-28 06:37:08,DEBUG,motion-663 storage is 0% full
2026-04-28 06:37:08,INFO,motion-663 battery level is 79%
2026-04-28 06:37:08,INFO,motion-668 is connected
2026-04-28 06:37:08,DEBUG,DetectionThreadPool has exceeded the interval time
2026-04-28 06:37:08,WARNING,motion-667 firmware is not approved (3232 Release)
2026-04-28 06:37:08,DEBUG,motion-667 storage is 0% full
2026-04-28 06:37:08,INFO,motion-667 battery level is 88%
2026-04-28 06:37:08,WARNING,motion-663 GNSS rate is incorrect (1)
2026-04-28 06:37:08,WARNING,motion-668 firmware is not approved (3232 Release)
2026-04-28 06:37:08,DEBUG,motion-668 storage is 0% full
2026-04-28 06:37:08,INFO,motion-668 battery level is 80%
2026-04-28 06:37:08,WARNING,motion-664 firmware is not approved (3232 Release)
2026-04-28 06:37:08,DEBUG,motion-664 storage is 0% full
2026-04-28 06:37:08,INFO,motion-664 battery level is 86%
2026-04-28 06:37:08,WARNING,motion-668 GNSS rate is incorrect (1)
2026-04-28 06:37:09,WARNING,motion-667 GNSS rate is incorrect (1)
2026-04-28 06:37:09,WARNING,motion-664 GNSS rate is incorrect (1)
2026-04-28 06:37:09,INFO,motion-663 can be disconnected
2026-04-28 06:37:09,INFO,motion-668 can be disconnected
2026-04-28 06:37:09,INFO,motion-664 can be disconnected
2026-04-28 06:37:09,INFO,motion-667 can be disconnected
2026-04-28 06:37:35,INFO,Keyboard interrupt
2026-04-28 06:37:35,INFO,Stopping thread pools
2026-04-28 06:37:35,DEBUG,DetectionThreadPool finished
2026-04-28 06:37:36,DEBUG,DetectionThread #1 finished
2026-04-28 06:37:36,DEBUG,DetectionThread #2 finished
2026-04-28 06:37:36,DEBUG,DetectionThread #3 finished
2026-04-28 06:37:36,DEBUG,DetectionThread #4 finished
2026-04-28 06:37:36,DEBUG,DetectionThread #5 finished
2026-04-28 06:37:36,DEBUG,DetectionThread #6 finished
2026-04-28 06:37:36,DEBUG,DetectionThread #7 finished
2026-04-28 06:37:36,DEBUG,DetectionThread #8 finished
2026-04-28 06:37:36,DEBUG,InspectionThreadPool finished
2026-04-28 06:37:36,DEBUG,InspectionThread #1 finished
2026-04-28 06:37:36,DEBUG,InspectionThread #2 finished
2026-04-28 06:37:36,DEBUG,InspectionThread #3 finished
2026-04-28 06:37:36,DEBUG,InspectionThread #4 finished
2026-04-28 06:37:36,DEBUG,DownloadThreadPool finished
2026-04-28 06:37:36,DEBUG,DownloadThread #1 finished
2026-04-28 06:37:36,DEBUG,DownloadThread #2 finished
2026-04-28 06:37:36,DEBUG,DownloadThread #3 finished
2026-04-28 06:37:36,DEBUG,DownloadThread #4 finished
2026-04-28 06:37:36,DEBUG,DisconnectionThreadPool finished
2026-04-28 06:37:36,DEBUG,DisconnectionThread #1 finished
2026-04-28 06:37:36,DEBUG,DisconnectionThread #2 finished
2026-04-28 06:37:36,DEBUG,DisconnectionThread #3 finished
2026-04-28 06:37:36,DEBUG,DisconnectionThread #4 finished
2026-04-28 06:37:36,DEBUG,DisconnectionThread #5 finished
2026-04-28 06:37:36,DEBUG,DisconnectionThread #6 finished
2026-04-28 06:37:36,DEBUG,DisconnectionThread #7 finished
2026-04-28 06:37:36,DEBUG,DisconnectionThread #8 finished
2026-04-28 06:37:36,INFO,Thread pools stopped
